<?xml version="1.0" encoding="UTF-8"?>
<testng-results ignored="0" total="1" passed="1" failed="0" skipped="0">
  <reporter-output>
  </reporter-output>
  <suite started-at="2023-07-03T17:45:05 UTC" name="Default suite" finished-at="2023-07-03T17:47:47 UTC" duration-ms="161936">
    <groups>
    </groups>
    <test started-at="2023-07-03T17:45:05 UTC" name="Default test" finished-at="2023-07-03T17:47:47 UTC" duration-ms="161936">
      <class name="medicare_admin_test.Edit_page_test">
        <test-method signature="editpage()[pri:0, instance:medicare_admin_test.Edit_page_test@60410cd]" started-at="2023-07-03T17:45:05 UTC" name="editpage" finished-at="2023-07-03T17:47:47 UTC" duration-ms="161880" status="PASS">
          <reporter-output>
          </reporter-output>
        </test-method> <!-- editpage -->
      </class> <!-- medicare_admin_test.Edit_page_test -->
    </test> <!-- Default test -->
  </suite> <!-- Default suite -->
</testng-results>
